<?xml version="1.0" encoding="UTF-8"?>
<!-- Generated by org.testng.reporters.JUnitXMLReporter -->
<testsuite ignored="0" hostname="Ansalnas-MacBook-Air.local" failures="1" tests="10" name="FirefoxTest" time="109.045" errors="0" timestamp="2025-08-04T11:43:04 EDT">
  <testcase classname="testClasses.LoginpageTestClass" name="verifyCorrectApplicationisLaunchingWhileHitingURL" time="0.052"/>
  <testcase classname="testClasses.LoginpageTestClass" name="verifyRemembermeCheckBoxisUncheckedByDefault" time="0.0">
    <skipped/>
  </testcase> <!-- verifyRemembermeCheckBoxisUncheckedByDefault -->
  <testcase classname="testClasses.LoginpageTestClass" name="verifyResetPasswordPageisComingWhileClickingonForgetyourPassword" time="0.0">
    <skipped/>
  </testcase> <!-- verifyResetPasswordPageisComingWhileClickingonForgetyourPassword -->
  <testcase classname="testClasses.LoginpageTestClass" name="verifySuccessfullLogin" time="0.0">
    <skipped/>
  </testcase> <!-- verifySuccessfullLogin -->
  <testcase classname="testClasses.LoginpageTestClass" name="verifyUnsuccessfullLogin" time="0.0">
    <skipped/>
  </testcase> <!-- verifyUnsuccessfullLogin -->
  <testcase classname="testClasses.LoginpageTestClass" name="verifyUsernameTextboxShowingHintorNot" time="0.0">
    <skipped/>
  </testcase> <!-- verifyUsernameTextboxShowingHintorNot -->
  <testcase classname="testClasses.HomepageTestClass" name="verifyTooltipOfCalculatorIcon" time="0.395">
    <skipped/>
  </testcase> <!-- verifyTooltipOfCalculatorIcon -->
  <testcase classname="testClasses.HomepageTestClass" name="verifyTooltipOfCalculatorIcon" time="10.524">
    <skipped/>
  </testcase> <!-- verifyTooltipOfCalculatorIcon -->
  <testcase classname="testClasses.HomepageTestClass" name="verifyTooltipOfCalculatorIcon" time="0.945">
    <skipped/>
  </testcase> <!-- verifyTooltipOfCalculatorIcon -->
  <testcase classname="testClasses.HomepageTestClass" name="verifyTooltipOfCalculatorIcon" time="0.921">
    <failure type="org.openqa.selenium.StaleElementReferenceException" message="The element with the reference ecfb347d-d813-44d0-aa12-6cd051639cc5 is stale; either its node document is not the active document, or it is no longer connected to the DOM
For documentation on this error, please visit: https://www.selenium.dev/documentation/webdriver/troubleshooting/errors#stale-element-reference-exception
Build info: version: &amp;apos;4.28.1&amp;apos;, revision: &amp;apos;73f5ad48a2&amp;apos;
System info: os.name: &amp;apos;Mac OS X&amp;apos;, os.arch: &amp;apos;aarch64&amp;apos;, os.version: &amp;apos;14.6&amp;apos;, java.version: &amp;apos;21.0.6&amp;apos;
Driver info: org.openqa.selenium.firefox.FirefoxDriver
Command: [7e7153f7-5cbf-4624-af44-1b8169397f5a, clickElement {id=ecfb347d-d813-44d0-aa12-6cd051639cc5}]
Capabilities {acceptInsecureCerts: true, browserName: firefox, browserVersion: 141.0, moz:accessibilityChecks: false, moz:buildID: 20250717180000, moz:geckodriverVersion: 0.36.0, moz:headless: false, moz:platformVersion: 23.6.0, moz:processID: 3029, moz:profile: /var/folders/lt/kr64tvj96wj..., moz:shutdownTimeout: 60000, moz:webdriverClick: true, moz:windowless: false, pageLoadStrategy: normal, platformName: mac, proxy: Proxy(), setWindowRect: true, strictFileInteractability: false, timeouts: {implicit: 0, pageLoad: 300000, script: 30000}, unhandledPromptBehavior: dismiss and notify, userAgent: Mozilla/5.0 (Macintosh; Int...}
Element: [[FirefoxDriver: firefox on mac (7e7153f7-5cbf-4624-af44-1b8169397f5a)] -&amp;gt; xpath: //button[contains(text(),&amp;apos;Login&amp;apos;)]]
Session ID: 7e7153f7-5cbf-4624-af44-1b8169397f5a">
      <![CDATA[org.openqa.selenium.StaleElementReferenceException: The element with the reference ecfb347d-d813-44d0-aa12-6cd051639cc5 is stale; either its node document is not the active document, or it is no longer connected to the DOM
For documentation on this error, please visit: https://www.selenium.dev/documentation/webdriver/troubleshooting/errors#stale-element-reference-exception
Build info: version: '4.28.1', revision: '73f5ad48a2'
System info: os.name: 'Mac OS X', os.arch: 'aarch64', os.version: '14.6', java.version: '21.0.6'
Driver info: org.openqa.selenium.firefox.FirefoxDriver
Command: [7e7153f7-5cbf-4624-af44-1b8169397f5a, clickElement {id=ecfb347d-d813-44d0-aa12-6cd051639cc5}]
Capabilities {acceptInsecureCerts: true, browserName: firefox, browserVersion: 141.0, moz:accessibilityChecks: false, moz:buildID: 20250717180000, moz:geckodriverVersion: 0.36.0, moz:headless: false, moz:platformVersion: 23.6.0, moz:processID: 3029, moz:profile: /var/folders/lt/kr64tvj96wj..., moz:shutdownTimeout: 60000, moz:webdriverClick: true, moz:windowless: false, pageLoadStrategy: normal, platformName: mac, proxy: Proxy(), setWindowRect: true, strictFileInteractability: false, timeouts: {implicit: 0, pageLoad: 300000, script: 30000}, unhandledPromptBehavior: dismiss and notify, userAgent: Mozilla/5.0 (Macintosh; Int...}
Element: [[FirefoxDriver: firefox on mac (7e7153f7-5cbf-4624-af44-1b8169397f5a)] -> xpath: //button[contains(text(),'Login')]]
Session ID: 7e7153f7-5cbf-4624-af44-1b8169397f5a
at org.openqa.selenium.remote.ErrorCodec.decode(ErrorCodec.java:167)
at org.openqa.selenium.remote.codec.w3c.W3CHttpResponseCodec.decode(W3CHttpResponseCodec.java:138)
at org.openqa.selenium.remote.codec.w3c.W3CHttpResponseCodec.decode(W3CHttpResponseCodec.java:50)
at org.openqa.selenium.remote.HttpCommandExecutor.execute(HttpCommandExecutor.java:215)
at org.openqa.selenium.remote.service.DriverCommandExecutor.invokeExecute(DriverCommandExecutor.java:216)
at org.openqa.selenium.remote.service.DriverCommandExecutor.execute(DriverCommandExecutor.java:174)
at org.openqa.selenium.remote.RemoteWebDriver.execute(RemoteWebDriver.java:545)
at org.openqa.selenium.remote.RemoteWebElement.execute(RemoteWebElement.java:223)
at org.openqa.selenium.remote.RemoteWebElement.click(RemoteWebElement.java:76)
at org.openqa.selenium.support.pagefactory.internal.LocatingElementHandler.invoke(LocatingElementHandler.java:51)
at jdk.proxy2/jdk.proxy2.$Proxy15.click(Unknown Source)
at pageClasses.LoginpageClass.validLogin(LoginpageClass.java:46)
at testClasses.HomepageTestClass.verifyTooltipOfCalculatorIcon(HomepageTestClass.java:20)
at java.base/java.util.ArrayList.forEach(ArrayList.java:1596)
at java.base/java.util.concurrent.FutureTask.run(FutureTask.java:317)
at java.base/java.util.concurrent.ThreadPoolExecutor.runWorker(ThreadPoolExecutor.java:1144)
at java.base/java.util.concurrent.ThreadPoolExecutor$Worker.run(ThreadPoolExecutor.java:642)
at java.base/java.lang.Thread.run(Thread.java:1583)
... Removed 20 stack frames]]>
    </failure>
  </testcase> <!-- verifyTooltipOfCalculatorIcon -->
</testsuite> <!-- FirefoxTest -->
