<?xml version="1.0" encoding="UTF-8"?>
<!-- Generated by org.testng.reporters.JUnitXMLReporter -->
<testsuite ignored="0" hostname="Ansalnas-MacBook-Air.local" failures="0" tests="6" name="Test" time="0.247" errors="0" timestamp="2025-08-04T11:20:38 EDT">
  <testcase classname="baseClass.BaseClass" name="@BeforeMethod beforeMethod" time="-1.754320838614E9">
    <failure type="org.testng.TestNGException" message="
Parameter &amp;apos;Browser&amp;apos; is required by BeforeMethod on method beforeMethod but has not been marked @Optional or defined
in /Users/ansalnajamal/eclipse-workspace/com.qaLegend/testng.xml">
      <![CDATA[org.testng.TestNGException: 
Parameter 'Browser' is required by BeforeMethod on method beforeMethod but has not been marked @Optional or defined
in /Users/ansalnajamal/eclipse-workspace/com.qaLegend/testng.xml
at java.base/java.util.ArrayList.forEach(ArrayList.java:1596)
... Removed 28 stack frames]]>
    </failure>
  </testcase> <!-- @BeforeMethod beforeMethod -->
  <testcase classname="baseClass.BaseClass" name="@AfterMethod afterMethod" time="0.0">
    <skipped/>
  </testcase> <!-- @AfterMethod afterMethod -->
  <testcase classname="baseClass.BaseClass" name="@BeforeMethod beforeMethod" time="0.0">
    <skipped/>
  </testcase> <!-- @BeforeMethod beforeMethod -->
  <testcase classname="baseClass.BaseClass" name="@AfterMethod afterMethod" time="0.0">
    <skipped/>
  </testcase> <!-- @AfterMethod afterMethod -->
  <testcase classname="baseClass.BaseClass" name="@BeforeMethod beforeMethod" time="0.0">
    <skipped/>
  </testcase> <!-- @BeforeMethod beforeMethod -->
  <testcase classname="baseClass.BaseClass" name="@AfterMethod afterMethod" time="0.0">
    <skipped/>
  </testcase> <!-- @AfterMethod afterMethod -->
  <testcase classname="baseClass.BaseClass" name="@BeforeMethod beforeMethod" time="0.0">
    <skipped/>
  </testcase> <!-- @BeforeMethod beforeMethod -->
  <testcase classname="baseClass.BaseClass" name="@AfterMethod afterMethod" time="0.0">
    <skipped/>
  </testcase> <!-- @AfterMethod afterMethod -->
  <testcase classname="baseClass.BaseClass" name="@BeforeMethod beforeMethod" time="0.0">
    <skipped/>
  </testcase> <!-- @BeforeMethod beforeMethod -->
  <testcase classname="baseClass.BaseClass" name="@AfterMethod afterMethod" time="0.0">
    <skipped/>
  </testcase> <!-- @AfterMethod afterMethod -->
  <testcase classname="baseClass.BaseClass" name="@BeforeMethod beforeMethod" time="0.0">
    <skipped/>
  </testcase> <!-- @BeforeMethod beforeMethod -->
  <testcase classname="baseClass.BaseClass" name="@AfterMethod afterMethod" time="0.0">
    <skipped/>
  </testcase> <!-- @AfterMethod afterMethod -->
  <testcase classname="testClasses.LoginpageTestClass" name="verifyCorrectApplicationisLaunchingWhileHitingURL" time="0.0">
    <skipped/>
  </testcase> <!-- verifyCorrectApplicationisLaunchingWhileHitingURL -->
  <testcase classname="testClasses.LoginpageTestClass" name="verifyRemembermeCheckBoxisUncheckedByDefault" time="0.0">
    <skipped/>
  </testcase> <!-- verifyRemembermeCheckBoxisUncheckedByDefault -->
  <testcase classname="testClasses.LoginpageTestClass" name="verifyResetPasswordPageisComingWhileClickingonForgetyourPassword" time="0.0">
    <skipped/>
  </testcase> <!-- verifyResetPasswordPageisComingWhileClickingonForgetyourPassword -->
  <testcase classname="testClasses.LoginpageTestClass" name="verifySuccessfullLogin" time="0.0">
    <skipped/>
  </testcase> <!-- verifySuccessfullLogin -->
  <testcase classname="testClasses.LoginpageTestClass" name="verifyUnsuccessfullLogin" time="0.0">
    <skipped/>
  </testcase> <!-- verifyUnsuccessfullLogin -->
  <testcase classname="testClasses.LoginpageTestClass" name="verifyUsernameTextboxShowingHintorNot" time="0.0">
    <skipped/>
  </testcase> <!-- verifyUsernameTextboxShowingHintorNot -->
</testsuite> <!-- Test -->
