<?xml version="1.0" encoding="UTF-8"?>
<!-- Generated by org.testng.reporters.JUnitReportReporter -->
<testsuite hostname="Ansalnas-MacBook-Air.local" failures="1" tests="9" name="testClasses.LoginpageTestClass" time="115.540" errors="0" timestamp="2025-08-04T11:51:09 EDT" skipped="3">
  <testcase classname="testClasses.LoginpageTestClass" name="verifyUnsuccessfullLogin" time="14.398"/>
  <testcase classname="testClasses.LoginpageTestClass" name="verifyUsernameTextboxShowingHintorNot" time="12.986"/>
  <testcase classname="testClasses.LoginpageTestClass" name="verifySuccessfullLogin" time="17.280">
    <skipped/>
  </testcase> <!-- verifySuccessfullLogin -->
  <testcase classname="testClasses.LoginpageTestClass" name="verifyRemembermeCheckBoxisUncheckedByDefault" time="12.003"/>
  <testcase classname="testClasses.LoginpageTestClass" name="verifyResetPasswordPageisComingWhileClickingonForgetyourPassword" time="4.390"/>
  <testcase classname="testClasses.LoginpageTestClass" name="verifyCorrectApplicationisLaunchingWhileHitingURL" time="12.973"/>
  <testcase classname="testClasses.LoginpageTestClass" name="verifySuccessfullLogin" time="16.819">
    <failure message="expected [true] but found [false]" type="java.lang.AssertionError">
      <![CDATA[java.lang.AssertionError: expected [true] but found [false]
at org.testng.Assert.fail(Assert.java:111)
at org.testng.Assert.failNotEquals(Assert.java:1590)
at org.testng.Assert.assertTrue(Assert.java:57)
at org.testng.Assert.assertTrue(Assert.java:67)
at testClasses.LoginpageTestClass.verifySuccessfullLogin(LoginpageTestClass.java:26)
at java.base/jdk.internal.reflect.DirectMethodHandleAccessor.invoke(DirectMethodHandleAccessor.java:103)
at java.base/java.lang.reflect.Method.invoke(Method.java:580)
at org.testng.internal.invokers.MethodInvocationHelper.invokeMethod(MethodInvocationHelper.java:141)
at org.testng.internal.invokers.TestInvoker.invokeMethod(TestInvoker.java:687)
at org.testng.internal.invokers.TestInvoker.retryFailed(TestInvoker.java:269)
at org.testng.internal.invokers.MethodRunner.runInSequence(MethodRunner.java:76)
at org.testng.internal.invokers.TestInvoker$MethodInvocationAgent.invoke(TestInvoker.java:995)
at org.testng.internal.invokers.TestInvoker.invokeTestMethods(TestInvoker.java:203)
at org.testng.internal.invokers.TestMethodWorker.invokeTestMethods(TestMethodWorker.java:154)
at org.testng.internal.invokers.TestMethodWorker.run(TestMethodWorker.java:134)
at java.base/java.util.ArrayList.forEach(ArrayList.java:1596)
at org.testng.TestRunner.privateRun(TestRunner.java:741)
at org.testng.TestRunner.run(TestRunner.java:616)
at org.testng.SuiteRunner.runTest(SuiteRunner.java:421)
at org.testng.SuiteRunner$SuiteWorker.run(SuiteRunner.java:463)
at org.testng.internal.thread.ThreadUtil.lambda$execute$0(ThreadUtil.java:64)
at java.base/java.util.concurrent.FutureTask.run(FutureTask.java:317)
at java.base/java.util.concurrent.ThreadPoolExecutor.runWorker(ThreadPoolExecutor.java:1144)
at java.base/java.util.concurrent.ThreadPoolExecutor$Worker.run(ThreadPoolExecutor.java:642)
at java.base/java.lang.Thread.run(Thread.java:1583)
]]>
    </failure>
  </testcase> <!-- verifySuccessfullLogin -->
  <testcase classname="testClasses.LoginpageTestClass" name="verifySuccessfullLogin" time="8.056">
    <skipped/>
  </testcase> <!-- verifySuccessfullLogin -->
  <testcase classname="testClasses.LoginpageTestClass" name="verifySuccessfullLogin" time="16.635">
    <skipped/>
  </testcase> <!-- verifySuccessfullLogin -->
</testsuite> <!-- testClasses.LoginpageTestClass -->
